- (1484 ms) - 2014-9-3 13:23:32[DEBUG](AbstractEnvironment.java:112) Initializing new StandardServletEnvironment
- (1486 ms) - 2014-9-3 13:23:32[DEBUG](MutablePropertySources.java:107) Adding [servletConfigInitParams] PropertySource with lowest search precedence
- (1486 ms) - 2014-9-3 13:23:32[DEBUG](MutablePropertySources.java:107) Adding [servletContextInitParams] PropertySource with lowest search precedence
- (1486 ms) - 2014-9-3 13:23:32[DEBUG](MutablePropertySources.java:107) Adding [jndiProperties] PropertySource with lowest search precedence
- (1487 ms) - 2014-9-3 13:23:32[DEBUG](MutablePropertySources.java:107) Adding [systemProperties] PropertySource with lowest search precedence
- (1487 ms) - 2014-9-3 13:23:32[DEBUG](MutablePropertySources.java:107) Adding [systemEnvironment] PropertySource with lowest search precedence
- (1487 ms) - 2014-9-3 13:23:32[DEBUG](AbstractEnvironment.java:116) Initialized StandardServletEnvironment with PropertySources [servletConfigInitParams,servletContextInitParams,jndiProperties,systemProperties,systemEnvironment]
- (1488 ms) - 2014-9-3 13:23:32[DEBUG](GenericFilterBean.java:172) Initializing filter 'encodingFilter'
- (1494 ms) - 2014-9-3 13:23:32[DEBUG](GenericFilterBean.java:197) Filter 'encodingFilter' configured successfully
- (1517 ms) - 2014-9-3 13:23:32[DEBUG](HttpServletBean.java:118) Initializing servlet 'spring'
- (1518 ms) - 2014-9-3 13:23:32[DEBUG](AbstractEnvironment.java:112) Initializing new StandardServletEnvironment
- (1519 ms) - 2014-9-3 13:23:32[DEBUG](MutablePropertySources.java:107) Adding [servletConfigInitParams] PropertySource with lowest search precedence
- (1519 ms) - 2014-9-3 13:23:32[DEBUG](MutablePropertySources.java:107) Adding [servletContextInitParams] PropertySource with lowest search precedence
- (1519 ms) - 2014-9-3 13:23:32[DEBUG](MutablePropertySources.java:107) Adding [jndiProperties] PropertySource with lowest search precedence
- (1519 ms) - 2014-9-3 13:23:32[DEBUG](MutablePropertySources.java:107) Adding [systemProperties] PropertySource with lowest search precedence
- (1520 ms) - 2014-9-3 13:23:32[DEBUG](MutablePropertySources.java:107) Adding [systemEnvironment] PropertySource with lowest search precedence
- (1520 ms) - 2014-9-3 13:23:32[DEBUG](AbstractEnvironment.java:116) Initialized StandardServletEnvironment with PropertySources [servletConfigInitParams,servletContextInitParams,jndiProperties,systemProperties,systemEnvironment]
- (1527 ms) - 2014-9-3 13:23:32[ INFO](FrameworkServlet.java:454) FrameworkServlet 'spring': initialization started
- (1528 ms) - 2014-9-3 13:23:32[DEBUG](FrameworkServlet.java:582) Servlet with name 'spring' will try to create custom WebApplicationContext context of class 'org.springframework.web.context.support.XmlWebApplicationContext', using parent context [Root WebApplicationContext: startup date [Wed Sep 03 13:23:31 CST 2014]; root of context hierarchy]
- (1528 ms) - 2014-9-3 13:23:32[DEBUG](PropertySourcesPropertyResolver.java:72) Searching for key 'spring.profiles.active' in [servletConfigInitParams]
- (1528 ms) - 2014-9-3 13:23:32[DEBUG](PropertySourcesPropertyResolver.java:72) Searching for key 'spring.profiles.active' in [servletContextInitParams]
- (1528 ms) - 2014-9-3 13:23:32[DEBUG](PropertySourcesPropertyResolver.java:72) Searching for key 'spring.profiles.active' in [jndiProperties]
- (1529 ms) - 2014-9-3 13:23:32[DEBUG](JndiTemplate.java:150) Looking up JNDI object with name [java:comp/env/spring.profiles.active]
- (1529 ms) - 2014-9-3 13:23:32[DEBUG](JndiLocatorSupport.java:101) Converted JNDI name [java:comp/env/spring.profiles.active] not found - trying original name [spring.profiles.active]. javax.naming.NameNotFoundException: Name spring.profiles.active is not bound in this Context
- (1529 ms) - 2014-9-3 13:23:32[DEBUG](JndiTemplate.java:150) Looking up JNDI object with name [spring.profiles.active]
- (1529 ms) - 2014-9-3 13:23:32[DEBUG](JndiPropertySource.java:87) JNDI lookup for name [spring.profiles.active] threw NamingException with message: Name spring.profiles.active is not bound in this Context. Returning null.
- (1530 ms) - 2014-9-3 13:23:32[DEBUG](PropertySourcesPropertyResolver.java:72) Searching for key 'spring.profiles.active' in [systemProperties]
- (1530 ms) - 2014-9-3 13:23:32[DEBUG](PropertySourcesPropertyResolver.java:72) Searching for key 'spring.profiles.active' in [systemEnvironment]
- (1530 ms) - 2014-9-3 13:23:32[DEBUG](PropertySourcesPropertyResolver.java:94) Could not find key 'spring.profiles.active' in any property source. Returning [null]
- (1530 ms) - 2014-9-3 13:23:32[DEBUG](PropertySourcesPropertyResolver.java:72) Searching for key 'spring.profiles.default' in [servletConfigInitParams]
- (1531 ms) - 2014-9-3 13:23:32[DEBUG](PropertySourcesPropertyResolver.java:72) Searching for key 'spring.profiles.default' in [servletContextInitParams]
- (1531 ms) - 2014-9-3 13:23:32[DEBUG](PropertySourcesPropertyResolver.java:72) Searching for key 'spring.profiles.default' in [jndiProperties]
- (1531 ms) - 2014-9-3 13:23:32[DEBUG](JndiTemplate.java:150) Looking up JNDI object with name [java:comp/env/spring.profiles.default]
- (1531 ms) - 2014-9-3 13:23:32[DEBUG](JndiLocatorSupport.java:101) Converted JNDI name [java:comp/env/spring.profiles.default] not found - trying original name [spring.profiles.default]. javax.naming.NameNotFoundException: Name spring.profiles.default is not bound in this Context
- (1532 ms) - 2014-9-3 13:23:32[DEBUG](JndiTemplate.java:150) Looking up JNDI object with name [spring.profiles.default]
- (1532 ms) - 2014-9-3 13:23:32[DEBUG](JndiPropertySource.java:87) JNDI lookup for name [spring.profiles.default] threw NamingException with message: Name spring.profiles.default is not bound in this Context. Returning null.
- (1532 ms) - 2014-9-3 13:23:32[DEBUG](PropertySourcesPropertyResolver.java:72) Searching for key 'spring.profiles.default' in [systemProperties]
- (1532 ms) - 2014-9-3 13:23:32[DEBUG](PropertySourcesPropertyResolver.java:72) Searching for key 'spring.profiles.default' in [systemEnvironment]
- (1533 ms) - 2014-9-3 13:23:32[DEBUG](PropertySourcesPropertyResolver.java:94) Could not find key 'spring.profiles.default' in any property source. Returning [null]
- (1533 ms) - 2014-9-3 13:23:32[DEBUG](PropertySourcesPropertyResolver.java:72) Searching for key 'spring.profiles.default' in [servletConfigInitParams]
- (1533 ms) - 2014-9-3 13:23:32[DEBUG](PropertySourcesPropertyResolver.java:72) Searching for key 'spring.profiles.default' in [servletContextInitParams]
- (1533 ms) - 2014-9-3 13:23:32[DEBUG](PropertySourcesPropertyResolver.java:72) Searching for key 'spring.profiles.default' in [jndiProperties]
- (1533 ms) - 2014-9-3 13:23:32[DEBUG](JndiTemplate.java:150) Looking up JNDI object with name [java:comp/env/spring.profiles.default]
- (1534 ms) - 2014-9-3 13:23:32[DEBUG](JndiLocatorSupport.java:101) Converted JNDI name [java:comp/env/spring.profiles.default] not found - trying original name [spring.profiles.default]. javax.naming.NameNotFoundException: Name spring.profiles.default is not bound in this Context
- (1534 ms) - 2014-9-3 13:23:32[DEBUG](JndiTemplate.java:150) Looking up JNDI object with name [spring.profiles.default]
- (1534 ms) - 2014-9-3 13:23:32[DEBUG](JndiPropertySource.java:87) JNDI lookup for name [spring.profiles.default] threw NamingException with message: Name spring.profiles.default is not bound in this Context. Returning null.
- (1534 ms) - 2014-9-3 13:23:32[DEBUG](PropertySourcesPropertyResolver.java:72) Searching for key 'spring.profiles.default' in [systemProperties]
- (1535 ms) - 2014-9-3 13:23:32[DEBUG](PropertySourcesPropertyResolver.java:72) Searching for key 'spring.profiles.default' in [systemEnvironment]
- (1535 ms) - 2014-9-3 13:23:32[DEBUG](PropertySourcesPropertyResolver.java:94) Could not find key 'spring.profiles.default' in any property source. Returning [null]
- (1536 ms) - 2014-9-3 13:23:32[DEBUG](MutablePropertySources.java:172) Replacing [servletContextInitParams] PropertySource with [servletContextInitParams]
- (1537 ms) - 2014-9-3 13:23:32[DEBUG](MutablePropertySources.java:172) Replacing [servletConfigInitParams] PropertySource with [servletConfigInitParams]
- (1538 ms) - 2014-9-3 13:23:32[ INFO](AbstractApplicationContext.java:510) Refreshing WebApplicationContext for namespace 'spring-servlet': startup date [Wed Sep 03 13:23:32 CST 2014]; parent: Root WebApplicationContext
- (1539 ms) - 2014-9-3 13:23:32[DEBUG](AbstractEnvironment.java:112) Initializing new StandardEnvironment
- (1539 ms) - 2014-9-3 13:23:32[DEBUG](MutablePropertySources.java:107) Adding [systemProperties] PropertySource with lowest search precedence
- (1539 ms) - 2014-9-3 13:23:32[DEBUG](MutablePropertySources.java:107) Adding [systemEnvironment] PropertySource with lowest search precedence
- (1540 ms) - 2014-9-3 13:23:32[DEBUG](AbstractEnvironment.java:116) Initialized StandardEnvironment with PropertySources [systemProperties,systemEnvironment]
- (1540 ms) - 2014-9-3 13:23:32[ INFO](XmlBeanDefinitionReader.java:315) Loading XML bean definitions from class path resource [spring-servlet.xml]
- (1546 ms) - 2014-9-3 13:23:32[DEBUG](DefaultDocumentLoader.java:72) Using JAXP provider [com.sun.org.apache.xerces.internal.jaxp.DocumentBuilderFactoryImpl]
- (1549 ms) - 2014-9-3 13:23:32[DEBUG](PluggableSchemaResolver.java:140) Loading schema mappings from [META-INF/spring.schemas]
- (1553 ms) - 2014-9-3 13:23:32[DEBUG](PluggableSchemaResolver.java:146) Loaded schema mappings: {http://www.springframework.org/schema/util/spring-util.xsd=org/springframework/beans/factory/xml/spring-util-3.2.xsd, http://www.springframework.org/schema/jee/spring-jee-3.2.xsd=org/springframework/ejb/config/spring-jee-3.2.xsd, http://www.springframework.org/schema/mvc/spring-mvc-3.1.xsd=org/springframework/web/servlet/config/spring-mvc-3.1.xsd, http://www.springframework.org/schema/task/spring-task.xsd=org/springframework/scheduling/config/spring-task-3.2.xsd, http://www.springframework.org/schema/beans/spring-beans-3.1.xsd=org/springframework/beans/factory/xml/spring-beans-3.1.xsd, http://www.springframework.org/schema/cache/spring-cache.xsd=org/springframework/cache/config/spring-cache-3.2.xsd, http://www.springframework.org/schema/aop/spring-aop-3.0.xsd=org/springframework/aop/config/spring-aop-3.0.xsd, http://www.springframework.org/schema/task/spring-task-3.1.xsd=org/springframework/scheduling/config/spring-task-3.1.xsd, http://www.springframework.org/schema/aop/spring-aop-2.0.xsd=org/springframework/aop/config/spring-aop-2.0.xsd, http://www.springframework.org/schema/tool/spring-tool-2.5.xsd=org/springframework/beans/factory/xml/spring-tool-2.5.xsd, http://www.springframework.org/schema/beans/spring-beans.xsd=org/springframework/beans/factory/xml/spring-beans-3.2.xsd, http://www.springframework.org/schema/jee/spring-jee-2.5.xsd=org/springframework/ejb/config/spring-jee-2.5.xsd, http://www.springframework.org/schema/jdbc/spring-jdbc-3.1.xsd=org/springframework/jdbc/config/spring-jdbc-3.1.xsd, http://www.springframework.org/schema/tool/spring-tool-3.1.xsd=org/springframework/beans/factory/xml/spring-tool-3.1.xsd, http://www.springframework.org/schema/jee/spring-jee-3.1.xsd=org/springframework/ejb/config/spring-jee-3.1.xsd, http://www.springframework.org/schema/aop/spring-aop.xsd=org/springframework/aop/config/spring-aop-3.2.xsd, http://www.springframework.org/schema/tx/spring-tx-3.2.xsd=org/springframework/transaction/config/spring-tx-3.2.xsd, http://www.springframework.org/schema/context/spring-context-3.2.xsd=org/springframework/context/config/spring-context-3.2.xsd, http://www.springframework.org/schema/beans/spring-beans-2.0.xsd=org/springframework/beans/factory/xml/spring-beans-2.0.xsd, http://www.springframework.org/schema/util/spring-util-3.2.xsd=org/springframework/beans/factory/xml/spring-util-3.2.xsd, http://www.springframework.org/schema/mvc/spring-mvc-3.0.xsd=org/springframework/web/servlet/config/spring-mvc-3.0.xsd, http://www.springframework.org/schema/lang/spring-lang-3.2.xsd=org/springframework/scripting/config/spring-lang-3.2.xsd, http://www.springframework.org/schema/beans/spring-beans-3.0.xsd=org/springframework/beans/factory/xml/spring-beans-3.0.xsd, http://www.springframework.org/schema/cache/spring-cache-3.2.xsd=org/springframework/cache/config/spring-cache-3.2.xsd, http://www.springframework.org/schema/task/spring-task-3.0.xsd=org/springframework/scheduling/config/spring-task-3.0.xsd, http://www.springframework.org/schema/tx/spring-tx-2.5.xsd=org/springframework/transaction/config/spring-tx-2.5.xsd, http://www.springframework.org/schema/context/spring-context-2.5.xsd=org/springframework/context/config/spring-context-2.5.xsd, http://www.springframework.org/schema/jdbc/spring-jdbc-3.0.xsd=org/springframework/jdbc/config/spring-jdbc-3.0.xsd, http://www.springframework.org/schema/tool/spring-tool-3.0.xsd=org/springframework/beans/factory/xml/spring-tool-3.0.xsd, http://www.springframework.org/schema/tx/spring-tx.xsd=org/springframework/transaction/config/spring-tx-3.2.xsd, http://www.springframework.org/schema/lang/spring-lang.xsd=org/springframework/scripting/config/spring-lang-3.2.xsd, http://www.springframework.org/schema/tool/spring-tool-2.0.xsd=org/springframework/beans/factory/xml/spring-tool-2.0.xsd, http://www.springframework.org/schema/util/spring-util-2.5.xsd=org/springframework/beans/factory/xml/spring-util-2.5.xsd, http://www.springframework.org/schema/lang/spring-lang-2.5.xsd=org/springframework/scripting/config/spring-lang-2.5.xsd, http://www.springframework.org/schema/aop/spring-aop-3.2.xsd=org/springframework/aop/config/spring-aop-3.2.xsd, http://www.springframework.org/schema/jee/spring-jee-3.0.xsd=org/springframework/ejb/config/spring-jee-3.0.xsd, http://www.springframework.org/schema/tx/spring-tx-3.1.xsd=org/springframework/transaction/config/spring-tx-3.1.xsd, http://www.springframework.org/schema/jee/spring-jee-2.0.xsd=org/springframework/ejb/config/spring-jee-2.0.xsd, http://www.springframework.org/schema/context/spring-context-3.1.xsd=org/springframework/context/config/spring-context-3.1.xsd, http://www.springframework.org/schema/util/spring-util-3.1.xsd=org/springframework/beans/factory/xml/spring-util-3.1.xsd, http://www.springframework.org/schema/lang/spring-lang-3.1.xsd=org/springframework/scripting/config/spring-lang-3.1.xsd, http://www.springframework.org/schema/cache/spring-cache-3.1.xsd=org/springframework/cache/config/spring-cache-3.1.xsd, http://www.springframework.org/schema/context/spring-context.xsd=org/springframework/context/config/spring-context-3.2.xsd, http://www.springframework.org/schema/jee/spring-jee.xsd=org/springframework/ejb/config/spring-jee-3.2.xsd, http://www.springframework.org/schema/aop/spring-aop-2.5.xsd=org/springframework/aop/config/spring-aop-2.5.xsd, http://www.springframework.org/schema/mvc/spring-mvc.xsd=org/springframework/web/servlet/config/spring-mvc-3.2.xsd, http://www.springframework.org/schema/mvc/spring-mvc-3.2.xsd=org/springframework/web/servlet/config/spring-mvc-3.2.xsd, http://www.springframework.org/schema/jdbc/spring-jdbc.xsd=org/springframework/jdbc/config/spring-jdbc-3.2.xsd, http://www.springframework.org/schema/beans/spring-beans-3.2.xsd=org/springframework/beans/factory/xml/spring-beans-3.2.xsd, http://www.springframework.org/schema/tx/spring-tx-2.0.xsd=org/springframework/transaction/config/spring-tx-2.0.xsd, http://www.springframework.org/schema/aop/spring-aop-3.1.xsd=org/springframework/aop/config/spring-aop-3.1.xsd, http://www.springframework.org/schema/task/spring-task-3.2.xsd=org/springframework/scheduling/config/spring-task-3.2.xsd, http://www.springframework.org/schema/tx/spring-tx-3.0.xsd=org/springframework/transaction/config/spring-tx-3.0.xsd, http://www.springframework.org/schema/context/spring-context-3.0.xsd=org/springframework/context/config/spring-context-3.0.xsd, http://www.springframework.org/schema/tool/spring-tool.xsd=org/springframework/beans/factory/xml/spring-tool-3.2.xsd, http://www.springframework.org/schema/util/spring-util-3.0.xsd=org/springframework/beans/factory/xml/spring-util-3.0.xsd, http://www.springframework.org/schema/lang/spring-lang-3.0.xsd=org/springframework/scripting/config/spring-lang-3.0.xsd, http://www.springframework.org/schema/util/spring-util-2.0.xsd=org/springframework/beans/factory/xml/spring-util-2.0.xsd, http://www.springframework.org/schema/lang/spring-lang-2.0.xsd=org/springframework/scripting/config/spring-lang-2.0.xsd, http://www.springframework.org/schema/jdbc/spring-jdbc-3.2.xsd=org/springframework/jdbc/config/spring-jdbc-3.2.xsd, http://www.springframework.org/schema/tool/spring-tool-3.2.xsd=org/springframework/beans/factory/xml/spring-tool-3.2.xsd, http://www.springframework.org/schema/beans/spring-beans-2.5.xsd=org/springframework/beans/factory/xml/spring-beans-2.5.xsd}
- (1558 ms) - 2014-9-3 13:23:32[DEBUG](PluggableSchemaResolver.java:118) Found XML schema [http://www.springframework.org/schema/beans/spring-beans-2.5.xsd] in classpath: org/springframework/beans/factory/xml/spring-beans-2.5.xsd
- (1568 ms) - 2014-9-3 13:23:32[DEBUG](PluggableSchemaResolver.java:118) Found XML schema [http://www.springframework.org/schema/context/spring-context-2.5.xsd] in classpath: org/springframework/context/config/spring-context-2.5.xsd
- (1574 ms) - 2014-9-3 13:23:32[DEBUG](PluggableSchemaResolver.java:118) Found XML schema [http://www.springframework.org/schema/tool/spring-tool-2.5.xsd] in classpath: org/springframework/beans/factory/xml/spring-tool-2.5.xsd
- (1576 ms) - 2014-9-3 13:23:32[DEBUG](DefaultBeanDefinitionDocumentReader.java:106) Loading bean definitions
- (1577 ms) - 2014-9-3 13:23:32[DEBUG](BeanDefinitionParserDelegate.java:500) Neither XML 'id' nor 'name' specified - using generated bean name [org.springframework.web.servlet.mvc.annotation.AnnotationMethodHandlerAdapter#0]
- (1578 ms) - 2014-9-3 13:23:32[DEBUG](DefaultNamespaceHandlerResolver.java:156) Loaded NamespaceHandler mappings: {http://www.springframework.org/schema/p=org.springframework.beans.factory.xml.SimplePropertyNamespaceHandler, http://www.springframework.org/schema/mvc=org.springframework.web.servlet.config.MvcNamespaceHandler, http://www.springframework.org/schema/util=org.springframework.beans.factory.xml.UtilNamespaceHandler, http://www.springframework.org/schema/jee=org.springframework.ejb.config.JeeNamespaceHandler, http://www.springframework.org/schema/aop=org.springframework.aop.config.AopNamespaceHandler, http://www.springframework.org/schema/jdbc=org.springframework.jdbc.config.JdbcNamespaceHandler, http://www.springframework.org/schema/cache=org.springframework.cache.config.CacheNamespaceHandler, http://www.springframework.org/schema/c=org.springframework.beans.factory.xml.SimpleConstructorNamespaceHandler, http://www.springframework.org/schema/tx=org.springframework.transaction.config.TxNamespaceHandler, http://www.springframework.org/schema/task=org.springframework.scheduling.config.TaskNamespaceHandler, http://www.springframework.org/schema/lang=org.springframework.scripting.config.LangNamespaceHandler, http://www.springframework.org/schema/context=org.springframework.context.config.ContextNamespaceHandler}
- (1579 ms) - 2014-9-3 13:23:32[DEBUG](AbstractEnvironment.java:112) Initializing new StandardEnvironment
- (1579 ms) - 2014-9-3 13:23:32[DEBUG](MutablePropertySources.java:107) Adding [systemProperties] PropertySource with lowest search precedence
- (1580 ms) - 2014-9-3 13:23:32[DEBUG](MutablePropertySources.java:107) Adding [systemEnvironment] PropertySource with lowest search precedence
- (1580 ms) - 2014-9-3 13:23:32[DEBUG](AbstractEnvironment.java:116) Initialized StandardEnvironment with PropertySources [systemProperties,systemEnvironment]
- (1584 ms) - 2014-9-3 13:23:32[DEBUG](PathMatchingResourcePatternResolver.java:550) Looking for matching resources in directory tree [D:\myeclipse_ws\springmvcproject\WebRoot\WEB-INF\classes\org\project]
- (1584 ms) - 2014-9-3 13:23:32[DEBUG](PathMatchingResourcePatternResolver.java:612) Searching directory [D:\myeclipse_ws\springmvcproject\WebRoot\WEB-INF\classes\org\project] for files matching pattern [D:/myeclipse_ws/springmvcproject/WebRoot/WEB-INF/classes/org/project/**/*.class]
- (1585 ms) - 2014-9-3 13:23:32[DEBUG](PathMatchingResourcePatternResolver.java:612) Searching directory [D:\myeclipse_ws\springmvcproject\WebRoot\WEB-INF\classes\org\project\controller] for files matching pattern [D:/myeclipse_ws/springmvcproject/WebRoot/WEB-INF/classes/org/project/**/*.class]
- (1586 ms) - 2014-9-3 13:23:32[DEBUG](PathMatchingResourcePatternResolver.java:612) Searching directory [D:\myeclipse_ws\springmvcproject\WebRoot\WEB-INF\classes\org\project\dao] for files matching pattern [D:/myeclipse_ws/springmvcproject/WebRoot/WEB-INF/classes/org/project/**/*.class]
- (1586 ms) - 2014-9-3 13:23:32[DEBUG](PathMatchingResourcePatternResolver.java:612) Searching directory [D:\myeclipse_ws\springmvcproject\WebRoot\WEB-INF\classes\org\project\dao\user] for files matching pattern [D:/myeclipse_ws/springmvcproject/WebRoot/WEB-INF/classes/org/project/**/*.class]
- (1587 ms) - 2014-9-3 13:23:32[DEBUG](PathMatchingResourcePatternResolver.java:612) Searching directory [D:\myeclipse_ws\springmvcproject\WebRoot\WEB-INF\classes\org\project\pojo] for files matching pattern [D:/myeclipse_ws/springmvcproject/WebRoot/WEB-INF/classes/org/project/**/*.class]
- (1587 ms) - 2014-9-3 13:23:32[DEBUG](PathMatchingResourcePatternResolver.java:612) Searching directory [D:\myeclipse_ws\springmvcproject\WebRoot\WEB-INF\classes\org\project\service] for files matching pattern [D:/myeclipse_ws/springmvcproject/WebRoot/WEB-INF/classes/org/project/**/*.class]
- (1588 ms) - 2014-9-3 13:23:32[DEBUG](PathMatchingResourcePatternResolver.java:612) Searching directory [D:\myeclipse_ws\springmvcproject\WebRoot\WEB-INF\classes\org\project\service\user] for files matching pattern [D:/myeclipse_ws/springmvcproject/WebRoot/WEB-INF/classes/org/project/**/*.class]
- (1588 ms) - 2014-9-3 13:23:32[DEBUG](PathMatchingResourcePatternResolver.java:351) Resolved location pattern [classpath*:org/project/**/*.class] to resources [file [D:\myeclipse_ws\springmvcproject\WebRoot\WEB-INF\classes\org\project\controller\IndexController.class], file [D:\myeclipse_ws\springmvcproject\WebRoot\WEB-INF\classes\org\project\dao\user\UserMapper.class], file [D:\myeclipse_ws\springmvcproject\WebRoot\WEB-INF\classes\org\project\pojo\User.class], file [D:\myeclipse_ws\springmvcproject\WebRoot\WEB-INF\classes\org\project\service\user\UserService.class], file [D:\myeclipse_ws\springmvcproject\WebRoot\WEB-INF\classes\org\project\service\user\UserServiceImpl.class]]
- (1603 ms) - 2014-9-3 13:23:32[DEBUG](ClassPathScanningCandidateComponentProvider.java:273) Identified candidate component class: file [D:\myeclipse_ws\springmvcproject\WebRoot\WEB-INF\classes\org\project\controller\IndexController.class]
- (1606 ms) - 2014-9-3 13:23:32[DEBUG](ClassPathScanningCandidateComponentProvider.java:273) Identified candidate component class: file [D:\myeclipse_ws\springmvcproject\WebRoot\WEB-INF\classes\org\project\service\user\UserServiceImpl.class]
- (1607 ms) - 2014-9-3 13:23:32[DEBUG](BeanDefinitionParserDelegate.java:500) Neither XML 'id' nor 'name' specified - using generated bean name [org.springframework.web.servlet.view.InternalResourceViewResolver#0]
- (1607 ms) - 2014-9-3 13:23:32[DEBUG](AbstractBeanDefinitionReader.java:216) Loaded 8 bean definitions from location pattern [classpath:spring-servlet.xml]
- (1608 ms) - 2014-9-3 13:23:32[DEBUG](AbstractApplicationContext.java:540) Bean factory for WebApplicationContext for namespace 'spring-servlet': org.springframework.beans.factory.support.DefaultListableBeanFactory@12cf66f: defining beans [org.springframework.web.servlet.mvc.annotation.AnnotationMethodHandlerAdapter#0,indexController,userServiceImpl,org.springframework.context.annotation.internalConfigurationAnnotationProcessor,org.springframework.context.annotation.internalAutowiredAnnotationProcessor,org.springframework.context.annotation.internalRequiredAnnotationProcessor,org.springframework.context.annotation.internalCommonAnnotationProcessor,org.springframework.web.servlet.view.InternalResourceViewResolver#0]; parent: org.springframework.beans.factory.support.DefaultListableBeanFactory@187f139
- (1624 ms) - 2014-9-3 13:23:32[DEBUG](DefaultSingletonBeanRegistry.java:215) Creating shared instance of singleton bean 'org.springframework.context.annotation.internalConfigurationAnnotationProcessor'
- (1625 ms) - 2014-9-3 13:23:32[DEBUG](AbstractAutowireCapableBeanFactory.java:432) Creating instance of bean 'org.springframework.context.annotation.internalConfigurationAnnotationProcessor'
- (1625 ms) - 2014-9-3 13:23:32[DEBUG](AbstractAutowireCapableBeanFactory.java:506) Eagerly caching bean 'org.springframework.context.annotation.internalConfigurationAnnotationProcessor' to allow for resolving potential circular references
- (1625 ms) - 2014-9-3 13:23:32[DEBUG](AbstractAutowireCapableBeanFactory.java:460) Finished creating instance of bean 'org.springframework.context.annotation.internalConfigurationAnnotationProcessor'
- (1639 ms) - 2014-9-3 13:23:32[DEBUG](DefaultSingletonBeanRegistry.java:215) Creating shared instance of singleton bean 'org.springframework.context.annotation.internalAutowiredAnnotationProcessor'
- (1639 ms) - 2014-9-3 13:23:32[DEBUG](AbstractAutowireCapableBeanFactory.java:432) Creating instance of bean 'org.springframework.context.annotation.internalAutowiredAnnotationProcessor'
- (1640 ms) - 2014-9-3 13:23:32[DEBUG](AbstractAutowireCapableBeanFactory.java:506) Eagerly caching bean 'org.springframework.context.annotation.internalAutowiredAnnotationProcessor' to allow for resolving potential circular references
- (1640 ms) - 2014-9-3 13:23:32[DEBUG](AbstractAutowireCapableBeanFactory.java:460) Finished creating instance of bean 'org.springframework.context.annotation.internalAutowiredAnnotationProcessor'
- (1640 ms) - 2014-9-3 13:23:32[DEBUG](DefaultSingletonBeanRegistry.java:215) Creating shared instance of singleton bean 'org.springframework.context.annotation.internalRequiredAnnotationProcessor'
- (1640 ms) - 2014-9-3 13:23:32[DEBUG](AbstractAutowireCapableBeanFactory.java:432) Creating instance of bean 'org.springframework.context.annotation.internalRequiredAnnotationProcessor'
- (1641 ms) - 2014-9-3 13:23:32[DEBUG](AbstractAutowireCapableBeanFactory.java:506) Eagerly caching bean 'org.springframework.context.annotation.internalRequiredAnnotationProcessor' to allow for resolving potential circular references
- (1641 ms) - 2014-9-3 13:23:32[DEBUG](AbstractAutowireCapableBeanFactory.java:460) Finished creating instance of bean 'org.springframework.context.annotation.internalRequiredAnnotationProcessor'
- (1641 ms) - 2014-9-3 13:23:32[DEBUG](DefaultSingletonBeanRegistry.java:215) Creating shared instance of singleton bean 'org.springframework.context.annotation.internalCommonAnnotationProcessor'
- (1641 ms) - 2014-9-3 13:23:32[DEBUG](AbstractAutowireCapableBeanFactory.java:432) Creating instance of bean 'org.springframework.context.annotation.internalCommonAnnotationProcessor'
- (1641 ms) - 2014-9-3 13:23:32[DEBUG](AbstractAutowireCapableBeanFactory.java:506) Eagerly caching bean 'org.springframework.context.annotation.internalCommonAnnotationProcessor' to allow for resolving potential circular references
- (1641 ms) - 2014-9-3 13:23:32[DEBUG](AbstractAutowireCapableBeanFactory.java:460) Finished creating instance of bean 'org.springframework.context.annotation.internalCommonAnnotationProcessor'
- (1642 ms) - 2014-9-3 13:23:32[DEBUG](DefaultSingletonBeanRegistry.java:215) Creating shared instance of singleton bean 'org.springframework.context.annotation.ConfigurationClassPostProcessor.importAwareProcessor'
- (1642 ms) - 2014-9-3 13:23:32[DEBUG](AbstractAutowireCapableBeanFactory.java:432) Creating instance of bean 'org.springframework.context.annotation.ConfigurationClassPostProcessor.importAwareProcessor'
- (1642 ms) - 2014-9-3 13:23:32[DEBUG](AbstractAutowireCapableBeanFactory.java:506) Eagerly caching bean 'org.springframework.context.annotation.ConfigurationClassPostProcessor.importAwareProcessor' to allow for resolving potential circular references
- (1642 ms) - 2014-9-3 13:23:32[DEBUG](AbstractAutowireCapableBeanFactory.java:460) Finished creating instance of bean 'org.springframework.context.annotation.ConfigurationClassPostProcessor.importAwareProcessor'
- (1643 ms) - 2014-9-3 13:23:32[DEBUG](AbstractApplicationContext.java:807) Unable to locate MessageSource with name 'messageSource': using default [org.springframework.context.support.DelegatingMessageSource@191b868]
- (1643 ms) - 2014-9-3 13:23:32[DEBUG](AbstractApplicationContext.java:831) Unable to locate ApplicationEventMulticaster with name 'applicationEventMulticaster': using default [org.springframework.context.event.SimpleApplicationEventMulticaster@1e1e5e3]
- (1643 ms) - 2014-9-3 13:23:32[DEBUG](UiApplicationContextUtils.java:85) Unable to locate ThemeSource with name 'themeSource': using default [org.springframework.ui.context.support.DelegatingThemeSource@1bbad83]
- (1644 ms) - 2014-9-3 13:23:32[ INFO](DefaultListableBeanFactory.java:596) Pre-instantiating singletons in org.springframework.beans.factory.support.DefaultListableBeanFactory@12cf66f: defining beans [org.springframework.web.servlet.mvc.annotation.AnnotationMethodHandlerAdapter#0,indexController,userServiceImpl,org.springframework.context.annotation.internalConfigurationAnnotationProcessor,org.springframework.context.annotation.internalAutowiredAnnotationProcessor,org.springframework.context.annotation.internalRequiredAnnotationProcessor,org.springframework.context.annotation.internalCommonAnnotationProcessor,org.springframework.web.servlet.view.InternalResourceViewResolver#0,org.springframework.context.annotation.ConfigurationClassPostProcessor.importAwareProcessor]; parent: org.springframework.beans.factory.support.DefaultListableBeanFactory@187f139
- (1645 ms) - 2014-9-3 13:23:32[DEBUG](DefaultSingletonBeanRegistry.java:215) Creating shared instance of singleton bean 'org.springframework.web.servlet.mvc.annotation.AnnotationMethodHandlerAdapter#0'
- (1645 ms) - 2014-9-3 13:23:32[DEBUG](AbstractAutowireCapableBeanFactory.java:432) Creating instance of bean 'org.springframework.web.servlet.mvc.annotation.AnnotationMethodHandlerAdapter#0'
- (1755 ms) - 2014-9-3 13:23:32[DEBUG](AbstractAutowireCapableBeanFactory.java:506) Eagerly caching bean 'org.springframework.web.servlet.mvc.annotation.AnnotationMethodHandlerAdapter#0' to allow for resolving potential circular references
- (1762 ms) - 2014-9-3 13:23:32[DEBUG](AbstractAutowireCapableBeanFactory.java:460) Finished creating instance of bean 'org.springframework.web.servlet.mvc.annotation.AnnotationMethodHandlerAdapter#0'
- (1762 ms) - 2014-9-3 13:23:32[DEBUG](DefaultSingletonBeanRegistry.java:215) Creating shared instance of singleton bean 'indexController'
- (1762 ms) - 2014-9-3 13:23:32[DEBUG](AbstractAutowireCapableBeanFactory.java:432) Creating instance of bean 'indexController'
- (1768 ms) - 2014-9-3 13:23:32[DEBUG](InjectionMetadata.java:71) Registered injected element on class [org.project.controller.IndexController]: ResourceElement for private org.project.service.user.UserService org.project.controller.IndexController.userService
- (1769 ms) - 2014-9-3 13:23:32[DEBUG](AbstractAutowireCapableBeanFactory.java:506) Eagerly caching bean 'indexController' to allow for resolving potential circular references
- (1771 ms) - 2014-9-3 13:23:32[DEBUG](InjectionMetadata.java:85) Processing injected method of bean 'indexController': ResourceElement for private org.project.service.user.UserService org.project.controller.IndexController.userService
- (1775 ms) - 2014-9-3 13:23:32[DEBUG](DefaultSingletonBeanRegistry.java:215) Creating shared instance of singleton bean 'userServiceImpl'
- (1776 ms) - 2014-9-3 13:23:32[DEBUG](AbstractAutowireCapableBeanFactory.java:432) Creating instance of bean 'userServiceImpl'
- (1777 ms) - 2014-9-3 13:23:32[DEBUG](InjectionMetadata.java:71) Registered injected element on class [org.project.service.user.UserServiceImpl]: ResourceElement for private org.project.dao.user.UserMapper org.project.service.user.UserServiceImpl.mapper
- (1777 ms) - 2014-9-3 13:23:32[DEBUG](AbstractAutowireCapableBeanFactory.java:506) Eagerly caching bean 'userServiceImpl' to allow for resolving potential circular references
- (1780 ms) - 2014-9-3 13:23:32[DEBUG](InjectionMetadata.java:85) Processing injected method of bean 'userServiceImpl': ResourceElement for private org.project.dao.user.UserMapper org.project.service.user.UserServiceImpl.mapper
- (1780 ms) - 2014-9-3 13:23:32[DEBUG](AbstractBeanFactory.java:246) Returning cached instance of singleton bean 'userMapper'
- (1782 ms) - 2014-9-3 13:23:32[DEBUG](AbstractBeanFactory.java:246) Returning cached instance of singleton bean 'org.springframework.transaction.config.internalTransactionAdvisor'
- (1784 ms) - 2014-9-3 13:23:32[DEBUG](AbstractAutowireCapableBeanFactory.java:460) Finished creating instance of bean 'userServiceImpl'
- (1785 ms) - 2014-9-3 13:23:32[DEBUG](AbstractAutowireCapableBeanFactory.java:460) Finished creating instance of bean 'indexController'
- (1785 ms) - 2014-9-3 13:23:32[DEBUG](AbstractBeanFactory.java:246) Returning cached instance of singleton bean 'userServiceImpl'
- (1785 ms) - 2014-9-3 13:23:32[DEBUG](AbstractBeanFactory.java:246) Returning cached instance of singleton bean 'org.springframework.context.annotation.internalConfigurationAnnotationProcessor'
- (1785 ms) - 2014-9-3 13:23:32[DEBUG](AbstractBeanFactory.java:246) Returning cached instance of singleton bean 'org.springframework.context.annotation.internalAutowiredAnnotationProcessor'
- (1785 ms) - 2014-9-3 13:23:32[DEBUG](AbstractBeanFactory.java:246) Returning cached instance of singleton bean 'org.springframework.context.annotation.internalRequiredAnnotationProcessor'
- (1786 ms) - 2014-9-3 13:23:32[DEBUG](AbstractBeanFactory.java:246) Returning cached instance of singleton bean 'org.springframework.context.annotation.internalCommonAnnotationProcessor'
- (1786 ms) - 2014-9-3 13:23:32[DEBUG](DefaultSingletonBeanRegistry.java:215) Creating shared instance of singleton bean 'org.springframework.web.servlet.view.InternalResourceViewResolver#0'
- (1786 ms) - 2014-9-3 13:23:32[DEBUG](AbstractAutowireCapableBeanFactory.java:432) Creating instance of bean 'org.springframework.web.servlet.view.InternalResourceViewResolver#0'
- (1793 ms) - 2014-9-3 13:23:32[DEBUG](AbstractAutowireCapableBeanFactory.java:506) Eagerly caching bean 'org.springframework.web.servlet.view.InternalResourceViewResolver#0' to allow for resolving potential circular references
- (1800 ms) - 2014-9-3 13:23:32[DEBUG](AbstractAutowireCapableBeanFactory.java:460) Finished creating instance of bean 'org.springframework.web.servlet.view.InternalResourceViewResolver#0'
- (1802 ms) - 2014-9-3 13:23:32[DEBUG](AbstractBeanFactory.java:246) Returning cached instance of singleton bean 'org.springframework.context.annotation.ConfigurationClassPostProcessor.importAwareProcessor'
- (1802 ms) - 2014-9-3 13:23:32[DEBUG](AbstractApplicationContext.java:858) Unable to locate LifecycleProcessor with name 'lifecycleProcessor': using default [org.springframework.context.support.DefaultLifecycleProcessor@c03bfa]
- (1802 ms) - 2014-9-3 13:23:32[DEBUG](AbstractBeanFactory.java:246) Returning cached instance of singleton bean 'lifecycleProcessor'
- (1804 ms) - 2014-9-3 13:23:32[DEBUG](DispatcherServlet.java:467) Unable to locate MultipartResolver with name 'multipartResolver': no multipart request handling provided
- (1804 ms) - 2014-9-3 13:23:32[DEBUG](AbstractAutowireCapableBeanFactory.java:432) Creating instance of bean 'org.springframework.web.servlet.i18n.AcceptHeaderLocaleResolver'
- (1807 ms) - 2014-9-3 13:23:32[DEBUG](AbstractAutowireCapableBeanFactory.java:460) Finished creating instance of bean 'org.springframework.web.servlet.i18n.AcceptHeaderLocaleResolver'
- (1807 ms) - 2014-9-3 13:23:32[DEBUG](DispatcherServlet.java:489) Unable to locate LocaleResolver with name 'localeResolver': using default [org.springframework.web.servlet.i18n.AcceptHeaderLocaleResolver@117343f]
- (1808 ms) - 2014-9-3 13:23:32[DEBUG](AbstractAutowireCapableBeanFactory.java:432) Creating instance of bean 'org.springframework.web.servlet.theme.FixedThemeResolver'
- (1812 ms) - 2014-9-3 13:23:32[DEBUG](AbstractAutowireCapableBeanFactory.java:460) Finished creating instance of bean 'org.springframework.web.servlet.theme.FixedThemeResolver'
- (1816 ms) - 2014-9-3 13:23:32[DEBUG](DispatcherServlet.java:511) Unable to locate ThemeResolver with name 'themeResolver': using default [org.springframework.web.servlet.theme.FixedThemeResolver@26aa05]
- (1821 ms) - 2014-9-3 13:23:32[DEBUG](AbstractAutowireCapableBeanFactory.java:432) Creating instance of bean 'org.springframework.web.servlet.handler.BeanNameUrlHandlerMapping'
- (1835 ms) - 2014-9-3 13:23:32[DEBUG](AbstractDetectingUrlHandlerMapping.java:71) Looking for URL mappings in application context: WebApplicationContext for namespace 'spring-servlet': startup date [Wed Sep 03 13:23:32 CST 2014]; parent: Root WebApplicationContext
- (1836 ms) - 2014-9-3 13:23:32[DEBUG](AbstractDetectingUrlHandlerMapping.java:86) Rejected bean name 'org.springframework.web.servlet.mvc.annotation.AnnotationMethodHandlerAdapter#0': no URL paths identified
- (1836 ms) - 2014-9-3 13:23:32[DEBUG](AbstractDetectingUrlHandlerMapping.java:86) Rejected bean name 'indexController': no URL paths identified
- (1836 ms) - 2014-9-3 13:23:32[DEBUG](AbstractDetectingUrlHandlerMapping.java:86) Rejected bean name 'userServiceImpl': no URL paths identified
- (1836 ms) - 2014-9-3 13:23:32[DEBUG](AbstractDetectingUrlHandlerMapping.java:86) Rejected bean name 'org.springframework.context.annotation.internalConfigurationAnnotationProcessor': no URL paths identified
- (1836 ms) - 2014-9-3 13:23:32[DEBUG](AbstractDetectingUrlHandlerMapping.java:86) Rejected bean name 'org.springframework.context.annotation.internalAutowiredAnnotationProcessor': no URL paths identified
- (1837 ms) - 2014-9-3 13:23:32[DEBUG](AbstractDetectingUrlHandlerMapping.java:86) Rejected bean name 'org.springframework.context.annotation.internalRequiredAnnotationProcessor': no URL paths identified
- (1837 ms) - 2014-9-3 13:23:32[DEBUG](AbstractDetectingUrlHandlerMapping.java:86) Rejected bean name 'org.springframework.context.annotation.internalCommonAnnotationProcessor': no URL paths identified
- (1837 ms) - 2014-9-3 13:23:32[DEBUG](AbstractDetectingUrlHandlerMapping.java:86) Rejected bean name 'org.springframework.web.servlet.view.InternalResourceViewResolver#0': no URL paths identified
- (1837 ms) - 2014-9-3 13:23:32[DEBUG](AbstractDetectingUrlHandlerMapping.java:86) Rejected bean name 'org.springframework.context.annotation.ConfigurationClassPostProcessor.importAwareProcessor': no URL paths identified
- (1837 ms) - 2014-9-3 13:23:32[DEBUG](AbstractDetectingUrlHandlerMapping.java:86) Rejected bean name 'environment': no URL paths identified
- (1837 ms) - 2014-9-3 13:23:32[DEBUG](AbstractDetectingUrlHandlerMapping.java:86) Rejected bean name 'systemProperties': no URL paths identified
- (1838 ms) - 2014-9-3 13:23:32[DEBUG](AbstractDetectingUrlHandlerMapping.java:86) Rejected bean name 'systemEnvironment': no URL paths identified
- (1838 ms) - 2014-9-3 13:23:32[DEBUG](AbstractDetectingUrlHandlerMapping.java:86) Rejected bean name 'servletConfig': no URL paths identified
- (1838 ms) - 2014-9-3 13:23:32[DEBUG](AbstractDetectingUrlHandlerMapping.java:86) Rejected bean name 'org.springframework.context.annotation.ConfigurationClassPostProcessor.importRegistry': no URL paths identified
- (1838 ms) - 2014-9-3 13:23:32[DEBUG](AbstractDetectingUrlHandlerMapping.java:86) Rejected bean name 'messageSource': no URL paths identified
- (1838 ms) - 2014-9-3 13:23:32[DEBUG](AbstractDetectingUrlHandlerMapping.java:86) Rejected bean name 'applicationEventMulticaster': no URL paths identified
- (1839 ms) - 2014-9-3 13:23:32[DEBUG](AbstractDetectingUrlHandlerMapping.java:86) Rejected bean name 'lifecycleProcessor': no URL paths identified
- (1839 ms) - 2014-9-3 13:23:32[DEBUG](AbstractAutowireCapableBeanFactory.java:460) Finished creating instance of bean 'org.springframework.web.servlet.handler.BeanNameUrlHandlerMapping'
- (1840 ms) - 2014-9-3 13:23:32[DEBUG](AbstractAutowireCapableBeanFactory.java:432) Creating instance of bean 'org.springframework.web.servlet.mvc.annotation.DefaultAnnotationHandlerMapping'
- (1850 ms) - 2014-9-3 13:23:32[DEBUG](AbstractDetectingUrlHandlerMapping.java:71) Looking for URL mappings in application context: WebApplicationContext for namespace 'spring-servlet': startup date [Wed Sep 03 13:23:32 CST 2014]; parent: Root WebApplicationContext
- (1851 ms) - 2014-9-3 13:23:32[DEBUG](AbstractDetectingUrlHandlerMapping.java:86) Rejected bean name 'org.springframework.web.servlet.mvc.annotation.AnnotationMethodHandlerAdapter#0': no URL paths identified
- (1853 ms) - 2014-9-3 13:23:32[DEBUG](AbstractBeanFactory.java:246) Returning cached instance of singleton bean 'indexController'
- (1853 ms) - 2014-9-3 13:23:32[ INFO](AbstractUrlHandlerMapping.java:315) Mapped URL path [/login.html] onto handler 'indexController'
- (1853 ms) - 2014-9-3 13:23:32[DEBUG](AbstractBeanFactory.java:246) Returning cached instance of singleton bean 'indexController'
- (1854 ms) - 2014-9-3 13:23:32[ INFO](AbstractUrlHandlerMapping.java:315) Mapped URL path [/loginsuccess.html] onto handler 'indexController'
- (1854 ms) - 2014-9-3 13:23:32[DEBUG](AbstractBeanFactory.java:246) Returning cached instance of singleton bean 'indexController'
- (1854 ms) - 2014-9-3 13:23:32[ INFO](AbstractUrlHandlerMapping.java:315) Mapped URL path [/regsuccess.html] onto handler 'indexController'
- (1854 ms) - 2014-9-3 13:23:32[DEBUG](AbstractBeanFactory.java:246) Returning cached instance of singleton bean 'indexController'
- (1854 ms) - 2014-9-3 13:23:32[ INFO](AbstractUrlHandlerMapping.java:315) Mapped URL path [/register.html] onto handler 'indexController'
- (1855 ms) - 2014-9-3 13:23:32[DEBUG](AbstractBeanFactory.java:246) Returning cached instance of singleton bean 'indexController'
- (1855 ms) - 2014-9-3 13:23:32[ INFO](AbstractUrlHandlerMapping.java:315) Mapped URL path [/exit.html] onto handler 'indexController'
- (1855 ms) - 2014-9-3 13:23:32[DEBUG](AbstractBeanFactory.java:246) Returning cached instance of singleton bean 'indexController'
- (1855 ms) - 2014-9-3 13:23:32[ INFO](AbstractUrlHandlerMapping.java:315) Mapped URL path [/index.html] onto handler 'indexController'
- (1856 ms) - 2014-9-3 13:23:32[DEBUG](AbstractDetectingUrlHandlerMapping.java:86) Rejected bean name 'userServiceImpl': no URL paths identified
- (1856 ms) - 2014-9-3 13:23:32[DEBUG](AbstractDetectingUrlHandlerMapping.java:86) Rejected bean name 'org.springframework.context.annotation.internalConfigurationAnnotationProcessor': no URL paths identified
- (1856 ms) - 2014-9-3 13:23:32[DEBUG](AbstractDetectingUrlHandlerMapping.java:86) Rejected bean name 'org.springframework.context.annotation.internalAutowiredAnnotationProcessor': no URL paths identified
- (1857 ms) - 2014-9-3 13:23:32[DEBUG](AbstractDetectingUrlHandlerMapping.java:86) Rejected bean name 'org.springframework.context.annotation.internalRequiredAnnotationProcessor': no URL paths identified
- (1857 ms) - 2014-9-3 13:23:32[DEBUG](AbstractDetectingUrlHandlerMapping.java:86) Rejected bean name 'org.springframework.context.annotation.internalCommonAnnotationProcessor': no URL paths identified
- (1857 ms) - 2014-9-3 13:23:32[DEBUG](AbstractDetectingUrlHandlerMapping.java:86) Rejected bean name 'org.springframework.web.servlet.view.InternalResourceViewResolver#0': no URL paths identified
- (1857 ms) - 2014-9-3 13:23:32[DEBUG](AbstractDetectingUrlHandlerMapping.java:86) Rejected bean name 'org.springframework.context.annotation.ConfigurationClassPostProcessor.importAwareProcessor': no URL paths identified
- (1858 ms) - 2014-9-3 13:23:32[DEBUG](AbstractDetectingUrlHandlerMapping.java:86) Rejected bean name 'environment': no URL paths identified
- (1858 ms) - 2014-9-3 13:23:32[DEBUG](AbstractDetectingUrlHandlerMapping.java:86) Rejected bean name 'systemProperties': no URL paths identified
- (1859 ms) - 2014-9-3 13:23:32[DEBUG](AbstractDetectingUrlHandlerMapping.java:86) Rejected bean name 'systemEnvironment': no URL paths identified
- (1859 ms) - 2014-9-3 13:23:32[DEBUG](AbstractDetectingUrlHandlerMapping.java:86) Rejected bean name 'servletConfig': no URL paths identified
- (1859 ms) - 2014-9-3 13:23:32[DEBUG](AbstractDetectingUrlHandlerMapping.java:86) Rejected bean name 'org.springframework.context.annotation.ConfigurationClassPostProcessor.importRegistry': no URL paths identified
- (1860 ms) - 2014-9-3 13:23:32[DEBUG](AbstractDetectingUrlHandlerMapping.java:86) Rejected bean name 'messageSource': no URL paths identified
- (1861 ms) - 2014-9-3 13:23:32[DEBUG](AbstractDetectingUrlHandlerMapping.java:86) Rejected bean name 'applicationEventMulticaster': no URL paths identified
- (1862 ms) - 2014-9-3 13:23:32[DEBUG](AbstractDetectingUrlHandlerMapping.java:86) Rejected bean name 'lifecycleProcessor': no URL paths identified
- (1862 ms) - 2014-9-3 13:23:32[DEBUG](AbstractAutowireCapableBeanFactory.java:460) Finished creating instance of bean 'org.springframework.web.servlet.mvc.annotation.DefaultAnnotationHandlerMapping'
- (1862 ms) - 2014-9-3 13:23:32[DEBUG](DispatcherServlet.java:551) No HandlerMappings found in servlet 'spring': using default
- (1863 ms) - 2014-9-3 13:23:32[DEBUG](AbstractBeanFactory.java:246) Returning cached instance of singleton bean 'org.springframework.web.servlet.mvc.annotation.AnnotationMethodHandlerAdapter#0'
- (1865 ms) - 2014-9-3 13:23:32[DEBUG](AbstractAutowireCapableBeanFactory.java:432) Creating instance of bean 'org.springframework.web.servlet.mvc.annotation.AnnotationMethodHandlerExceptionResolver'
- (1876 ms) - 2014-9-3 13:23:32[DEBUG](AbstractAutowireCapableBeanFactory.java:460) Finished creating instance of bean 'org.springframework.web.servlet.mvc.annotation.AnnotationMethodHandlerExceptionResolver'
- (1877 ms) - 2014-9-3 13:23:32[DEBUG](AbstractAutowireCapableBeanFactory.java:432) Creating instance of bean 'org.springframework.web.servlet.mvc.annotation.ResponseStatusExceptionResolver'
- (1881 ms) - 2014-9-3 13:23:32[DEBUG](AbstractAutowireCapableBeanFactory.java:460) Finished creating instance of bean 'org.springframework.web.servlet.mvc.annotation.ResponseStatusExceptionResolver'
- (1882 ms) - 2014-9-3 13:23:32[DEBUG](AbstractAutowireCapableBeanFactory.java:432) Creating instance of bean 'org.springframework.web.servlet.mvc.support.DefaultHandlerExceptionResolver'
- (1890 ms) - 2014-9-3 13:23:32[DEBUG](AbstractAutowireCapableBeanFactory.java:460) Finished creating instance of bean 'org.springframework.web.servlet.mvc.support.DefaultHandlerExceptionResolver'
- (1890 ms) - 2014-9-3 13:23:32[DEBUG](DispatcherServlet.java:628) No HandlerExceptionResolvers found in servlet 'spring': using default
- (1891 ms) - 2014-9-3 13:23:32[DEBUG](AbstractAutowireCapableBeanFactory.java:432) Creating instance of bean 'org.springframework.web.servlet.view.DefaultRequestToViewNameTranslator'
- (1893 ms) - 2014-9-3 13:23:32[DEBUG](AbstractAutowireCapableBeanFactory.java:460) Finished creating instance of bean 'org.springframework.web.servlet.view.DefaultRequestToViewNameTranslator'
- (1893 ms) - 2014-9-3 13:23:32[DEBUG](DispatcherServlet.java:649) Unable to locate RequestToViewNameTranslator with name 'viewNameTranslator': using default [org.springframework.web.servlet.view.DefaultRequestToViewNameTranslator@153b9]
- (1894 ms) - 2014-9-3 13:23:32[DEBUG](AbstractBeanFactory.java:246) Returning cached instance of singleton bean 'org.springframework.web.servlet.view.InternalResourceViewResolver#0'
- (1895 ms) - 2014-9-3 13:23:32[DEBUG](AbstractAutowireCapableBeanFactory.java:432) Creating instance of bean 'org.springframework.web.servlet.support.SessionFlashMapManager'
- (1899 ms) - 2014-9-3 13:23:32[DEBUG](AbstractAutowireCapableBeanFactory.java:460) Finished creating instance of bean 'org.springframework.web.servlet.support.SessionFlashMapManager'
- (1900 ms) - 2014-9-3 13:23:32[DEBUG](DispatcherServlet.java:711) Unable to locate FlashMapManager with name 'flashMapManager': using default [org.springframework.web.servlet.support.SessionFlashMapManager@1c45809]
- (1900 ms) - 2014-9-3 13:23:32[DEBUG](PropertySourcesPropertyResolver.java:72) Searching for key 'spring.liveBeansView.mbeanDomain' in [servletConfigInitParams]
- (1900 ms) - 2014-9-3 13:23:32[DEBUG](PropertySourcesPropertyResolver.java:72) Searching for key 'spring.liveBeansView.mbeanDomain' in [servletContextInitParams]
- (1900 ms) - 2014-9-3 13:23:32[DEBUG](PropertySourcesPropertyResolver.java:72) Searching for key 'spring.liveBeansView.mbeanDomain' in [jndiProperties]
- (1901 ms) - 2014-9-3 13:23:32[DEBUG](JndiTemplate.java:150) Looking up JNDI object with name [java:comp/env/spring.liveBeansView.mbeanDomain]
- (1901 ms) - 2014-9-3 13:23:32[DEBUG](JndiLocatorSupport.java:101) Converted JNDI name [java:comp/env/spring.liveBeansView.mbeanDomain] not found - trying original name [spring.liveBeansView.mbeanDomain]. javax.naming.NameNotFoundException: Name spring.liveBeansView.mbeanDomain is not bound in this Context
- (1901 ms) - 2014-9-3 13:23:32[DEBUG](JndiTemplate.java:150) Looking up JNDI object with name [spring.liveBeansView.mbeanDomain]
- (1901 ms) - 2014-9-3 13:23:32[DEBUG](JndiPropertySource.java:87) JNDI lookup for name [spring.liveBeansView.mbeanDomain] threw NamingException with message: Name spring.liveBeansView.mbeanDomain is not bound in this Context. Returning null.
- (1902 ms) - 2014-9-3 13:23:32[DEBUG](PropertySourcesPropertyResolver.java:72) Searching for key 'spring.liveBeansView.mbeanDomain' in [systemProperties]
- (1902 ms) - 2014-9-3 13:23:32[DEBUG](PropertySourcesPropertyResolver.java:72) Searching for key 'spring.liveBeansView.mbeanDomain' in [systemEnvironment]
- (1902 ms) - 2014-9-3 13:23:32[DEBUG](PropertySourcesPropertyResolver.java:94) Could not find key 'spring.liveBeansView.mbeanDomain' in any property source. Returning [null]
- (1902 ms) - 2014-9-3 13:23:32[DEBUG](FrameworkServlet.java:533) Published WebApplicationContext of servlet 'spring' as ServletContext attribute with name [org.springframework.web.servlet.FrameworkServlet.CONTEXT.spring]
- (1902 ms) - 2014-9-3 13:23:32[ INFO](FrameworkServlet.java:473) FrameworkServlet 'spring': initialization completed in 375 ms
- (1902 ms) - 2014-9-3 13:23:32[DEBUG](HttpServletBean.java:139) Servlet 'spring' configured successfully
- (7114 ms) - 2014-9-3 13:23:38[DEBUG](DispatcherServlet.java:823) DispatcherServlet with name 'spring' processing GET request for [/login.html]
- (7120 ms) - 2014-9-3 13:23:38[DEBUG](AbstractUrlHandlerMapping.java:124) Mapping [/login.html] to HandlerExecutionChain with handler [org.project.controller.IndexController@117a576] and 1 interceptor
- (7129 ms) - 2014-9-3 13:23:38[DEBUG](DispatcherServlet.java:912) Last-Modified value for [/login.html] is: -1
- (7145 ms) - 2014-9-3 13:23:38[DEBUG](HandlerMethodInvoker.java:173) Invoking request handler method: public java.lang.String org.project.controller.IndexController.login()
- (7162 ms) - 2014-9-3 13:23:38[DEBUG](AbstractAutowireCapableBeanFactory.java:1525) Invoking afterPropertiesSet() on bean with name 'login'
- (7163 ms) - 2014-9-3 13:23:38[DEBUG](DispatcherServlet.java:1206) Rendering view [org.springframework.web.servlet.view.InternalResourceView: name 'login'; URL [/WEB-INF/pages/login.jsp]] in DispatcherServlet with name 'spring'
- (7167 ms) - 2014-9-3 13:23:38[DEBUG](InternalResourceView.java:236) Forwarding to resource [/WEB-INF/pages/login.jsp] in InternalResourceView 'login'
- (7276 ms) - 2014-9-3 13:23:38[DEBUG](FrameworkServlet.java:966) Successfully completed request
- (7277 ms) - 2014-9-3 13:23:38[DEBUG](AbstractBeanFactory.java:246) Returning cached instance of singleton bean 'sqlSessionFactory'
- (10791 ms) - 2014-9-3 13:23:41[DEBUG](DispatcherServlet.java:823) DispatcherServlet with name 'spring' processing GET request for [/register.html]
- (10792 ms) - 2014-9-3 13:23:41[DEBUG](AbstractUrlHandlerMapping.java:124) Mapping [/register.html] to HandlerExecutionChain with handler [org.project.controller.IndexController@117a576] and 1 interceptor
- (10792 ms) - 2014-9-3 13:23:41[DEBUG](DispatcherServlet.java:912) Last-Modified value for [/register.html] is: -1
- (10793 ms) - 2014-9-3 13:23:41[DEBUG](HandlerMethodInvoker.java:173) Invoking request handler method: public java.lang.String org.project.controller.IndexController.register()
- (10793 ms) - 2014-9-3 13:23:41[DEBUG](AbstractAutowireCapableBeanFactory.java:1525) Invoking afterPropertiesSet() on bean with name 'register'
- (10794 ms) - 2014-9-3 13:23:41[DEBUG](DispatcherServlet.java:1206) Rendering view [org.springframework.web.servlet.view.InternalResourceView: name 'register'; URL [/WEB-INF/pages/register.jsp]] in DispatcherServlet with name 'spring'
- (10794 ms) - 2014-9-3 13:23:41[DEBUG](InternalResourceView.java:236) Forwarding to resource [/WEB-INF/pages/register.jsp] in InternalResourceView 'register'
- (10866 ms) - 2014-9-3 13:23:41[DEBUG](FrameworkServlet.java:966) Successfully completed request
- (28290 ms) - 2014-9-3 13:23:59[DEBUG](DispatcherServlet.java:823) DispatcherServlet with name 'spring' processing POST request for [/regsuccess.html]
- (28290 ms) - 2014-9-3 13:23:59[DEBUG](AbstractUrlHandlerMapping.java:124) Mapping [/regsuccess.html] to HandlerExecutionChain with handler [org.project.controller.IndexController@117a576] and 1 interceptor
- (28337 ms) - 2014-9-3 13:23:59[DEBUG](HandlerMethodInvoker.java:173) Invoking request handler method: public org.springframework.web.servlet.ModelAndView org.project.controller.IndexController.regsuccess(org.project.pojo.User)
- (28346 ms) - 2014-9-3 13:23:59[DEBUG](JakartaCommonsLoggingImpl.java:46) Creating a new SqlSession
- (28351 ms) - 2014-9-3 13:23:59[DEBUG](JakartaCommonsLoggingImpl.java:46) SqlSession [org.apache.ibatis.session.defaults.DefaultSqlSession@1a0c4a4] was not registered for synchronization because synchronization is not active
- (28503 ms) - 2014-9-3 13:23:59[DEBUG](DataSourceUtils.java:110) Fetching JDBC Connection from DataSource
- (28505 ms) - 2014-9-3 13:23:59[DEBUG](JakartaCommonsLoggingImpl.java:46) JDBC Connection [jdbc:mysql://10.0.0.54:3306/springmvcdb?useUnicode=true&characterEncoding=UTF-8, UserName=root@prd122.prd.com, MySQL-AB JDBC Driver] will not be managed by Spring
- (28525 ms) - 2014-9-3 13:23:59[DEBUG](JakartaCommonsLoggingImpl.java:46) Closing non transactional SqlSession [org.apache.ibatis.session.defaults.DefaultSqlSession@1a0c4a4]
- (28525 ms) - 2014-9-3 13:23:59[DEBUG](DataSourceUtils.java:327) Returning JDBC Connection to DataSource
- (28528 ms) - 2014-9-3 13:23:59[DEBUG](JakartaCommonsLoggingImpl.java:46) Creating a new SqlSession
- (28528 ms) - 2014-9-3 13:23:59[DEBUG](JakartaCommonsLoggingImpl.java:46) SqlSession [org.apache.ibatis.session.defaults.DefaultSqlSession@1aa9110] was not registered for synchronization because synchronization is not active
- (28529 ms) - 2014-9-3 13:23:59[DEBUG](DataSourceUtils.java:110) Fetching JDBC Connection from DataSource
- (28530 ms) - 2014-9-3 13:23:59[DEBUG](JakartaCommonsLoggingImpl.java:46) JDBC Connection [jdbc:mysql://10.0.0.54:3306/springmvcdb?useUnicode=true&characterEncoding=UTF-8, UserName=root@prd122.prd.com, MySQL-AB JDBC Driver] will not be managed by Spring
- (28534 ms) - 2014-9-3 13:23:59[DEBUG](JakartaCommonsLoggingImpl.java:46) Closing non transactional SqlSession [org.apache.ibatis.session.defaults.DefaultSqlSession@1aa9110]
- (28535 ms) - 2014-9-3 13:23:59[DEBUG](DataSourceUtils.java:327) Returning JDBC Connection to DataSource
- (28535 ms) - 2014-9-3 13:23:59[DEBUG](AbstractAutowireCapableBeanFactory.java:1525) Invoking afterPropertiesSet() on bean with name 'regsuccess'
- (28535 ms) - 2014-9-3 13:23:59[DEBUG](DispatcherServlet.java:1206) Rendering view [org.springframework.web.servlet.view.InternalResourceView: name 'regsuccess'; URL [/WEB-INF/pages/regsuccess.jsp]] in DispatcherServlet with name 'spring'
- (28536 ms) - 2014-9-3 13:23:59[DEBUG](AbstractView.java:373) Added model object 'user' of type [org.project.pojo.User] to request in view with name 'regsuccess'
- (28536 ms) - 2014-9-3 13:23:59[DEBUG](AbstractView.java:373) Added model object 'org.springframework.validation.BindingResult.user' of type [org.springframework.validation.BeanPropertyBindingResult] to request in view with name 'regsuccess'
- (28536 ms) - 2014-9-3 13:23:59[DEBUG](InternalResourceView.java:236) Forwarding to resource [/WEB-INF/pages/regsuccess.jsp] in InternalResourceView 'regsuccess'
- (28639 ms) - 2014-9-3 13:23:59[DEBUG](FrameworkServlet.java:966) Successfully completed request
- (32631 ms) - 2014-9-3 13:24:03[DEBUG](DispatcherServlet.java:823) DispatcherServlet with name 'spring' processing GET request for [/login.html]
- (32631 ms) - 2014-9-3 13:24:03[DEBUG](AbstractUrlHandlerMapping.java:124) Mapping [/login.html] to HandlerExecutionChain with handler [org.project.controller.IndexController@117a576] and 1 interceptor
- (32632 ms) - 2014-9-3 13:24:03[DEBUG](DispatcherServlet.java:912) Last-Modified value for [/login.html] is: -1
- (32633 ms) - 2014-9-3 13:24:03[DEBUG](HandlerMethodInvoker.java:173) Invoking request handler method: public java.lang.String org.project.controller.IndexController.login()
- (32633 ms) - 2014-9-3 13:24:03[DEBUG](DispatcherServlet.java:1206) Rendering view [org.springframework.web.servlet.view.InternalResourceView: name 'login'; URL [/WEB-INF/pages/login.jsp]] in DispatcherServlet with name 'spring'
- (32634 ms) - 2014-9-3 13:24:03[DEBUG](InternalResourceView.java:236) Forwarding to resource [/WEB-INF/pages/login.jsp] in InternalResourceView 'login'
- (32635 ms) - 2014-9-3 13:24:03[DEBUG](FrameworkServlet.java:966) Successfully completed request
- (38805 ms) - 2014-9-3 13:24:09[DEBUG](DispatcherServlet.java:823) DispatcherServlet with name 'spring' processing POST request for [/loginsuccess.html]
- (38806 ms) - 2014-9-3 13:24:09[DEBUG](AbstractUrlHandlerMapping.java:124) Mapping [/loginsuccess.html] to HandlerExecutionChain with handler [org.project.controller.IndexController@117a576] and 1 interceptor
- (38807 ms) - 2014-9-3 13:24:09[DEBUG](HandlerMethodInvoker.java:173) Invoking request handler method: public org.springframework.web.servlet.ModelAndView org.project.controller.IndexController.loginsuccess(org.project.pojo.User)
- (38808 ms) - 2014-9-3 13:24:09[DEBUG](JakartaCommonsLoggingImpl.java:46) Creating a new SqlSession
- (38809 ms) - 2014-9-3 13:24:09[DEBUG](JakartaCommonsLoggingImpl.java:46) SqlSession [org.apache.ibatis.session.defaults.DefaultSqlSession@13ddf54] was not registered for synchronization because synchronization is not active
- (38809 ms) - 2014-9-3 13:24:09[DEBUG](DataSourceUtils.java:110) Fetching JDBC Connection from DataSource
- (38811 ms) - 2014-9-3 13:24:09[DEBUG](JakartaCommonsLoggingImpl.java:46) JDBC Connection [jdbc:mysql://10.0.0.54:3306/springmvcdb?useUnicode=true&characterEncoding=UTF-8, UserName=root@prd122.prd.com, MySQL-AB JDBC Driver] will not be managed by Spring
- (38852 ms) - 2014-9-3 13:24:09[DEBUG](JakartaCommonsLoggingImpl.java:46) Closing non transactional SqlSession [org.apache.ibatis.session.defaults.DefaultSqlSession@13ddf54]
- (38853 ms) - 2014-9-3 13:24:09[DEBUG](DataSourceUtils.java:327) Returning JDBC Connection to DataSource
- (38854 ms) - 2014-9-3 13:24:09[DEBUG](AbstractAutowireCapableBeanFactory.java:1525) Invoking afterPropertiesSet() on bean with name 'loginsuccess'
- (38855 ms) - 2014-9-3 13:24:09[DEBUG](DispatcherServlet.java:1206) Rendering view [org.springframework.web.servlet.view.InternalResourceView: name 'loginsuccess'; URL [/WEB-INF/pages/loginsuccess.jsp]] in DispatcherServlet with name 'spring'
- (38855 ms) - 2014-9-3 13:24:09[DEBUG](AbstractView.java:373) Added model object 'user' of type [org.project.pojo.User] to request in view with name 'loginsuccess'
- (38856 ms) - 2014-9-3 13:24:09[DEBUG](AbstractView.java:373) Added model object 'org.springframework.validation.BindingResult.user' of type [org.springframework.validation.BeanPropertyBindingResult] to request in view with name 'loginsuccess'
- (38856 ms) - 2014-9-3 13:24:09[DEBUG](InternalResourceView.java:236) Forwarding to resource [/WEB-INF/pages/loginsuccess.jsp] in InternalResourceView 'loginsuccess'
- (38961 ms) - 2014-9-3 13:24:10[DEBUG](FrameworkServlet.java:966) Successfully completed request
- (40543 ms) - 2014-9-3 13:24:11[DEBUG](DispatcherServlet.java:823) DispatcherServlet with name 'spring' processing GET request for [/exit.html]
- (40544 ms) - 2014-9-3 13:24:11[DEBUG](AbstractUrlHandlerMapping.java:124) Mapping [/exit.html] to HandlerExecutionChain with handler [org.project.controller.IndexController@117a576] and 1 interceptor
- (40545 ms) - 2014-9-3 13:24:11[DEBUG](DispatcherServlet.java:912) Last-Modified value for [/exit.html] is: -1
- (40546 ms) - 2014-9-3 13:24:11[DEBUG](HandlerMethodInvoker.java:173) Invoking request handler method: public java.lang.String org.project.controller.IndexController.exit()
- (40547 ms) - 2014-9-3 13:24:11[DEBUG](AbstractAutowireCapableBeanFactory.java:1525) Invoking afterPropertiesSet() on bean with name 'exit'
- (40547 ms) - 2014-9-3 13:24:11[DEBUG](DispatcherServlet.java:1206) Rendering view [org.springframework.web.servlet.view.InternalResourceView: name 'exit'; URL [/WEB-INF/pages/exit.jsp]] in DispatcherServlet with name 'spring'
- (40548 ms) - 2014-9-3 13:24:11[DEBUG](InternalResourceView.java:236) Forwarding to resource [/WEB-INF/pages/exit.jsp] in InternalResourceView 'exit'
- (40622 ms) - 2014-9-3 13:24:11[DEBUG](FrameworkServlet.java:966) Successfully completed request
- (42144 ms) - 2014-9-3 13:24:13[DEBUG](DispatcherServlet.java:823) DispatcherServlet with name 'spring' processing GET request for [/login.html]
- (42144 ms) - 2014-9-3 13:24:13[DEBUG](AbstractUrlHandlerMapping.java:124) Mapping [/login.html] to HandlerExecutionChain with handler [org.project.controller.IndexController@117a576] and 1 interceptor
- (42145 ms) - 2014-9-3 13:24:13[DEBUG](DispatcherServlet.java:912) Last-Modified value for [/login.html] is: -1
- (42146 ms) - 2014-9-3 13:24:13[DEBUG](HandlerMethodInvoker.java:173) Invoking request handler method: public java.lang.String org.project.controller.IndexController.login()
- (42146 ms) - 2014-9-3 13:24:13[DEBUG](DispatcherServlet.java:1206) Rendering view [org.springframework.web.servlet.view.InternalResourceView: name 'login'; URL [/WEB-INF/pages/login.jsp]] in DispatcherServlet with name 'spring'
- (42147 ms) - 2014-9-3 13:24:13[DEBUG](InternalResourceView.java:236) Forwarding to resource [/WEB-INF/pages/login.jsp] in InternalResourceView 'login'
- (42148 ms) - 2014-9-3 13:24:13[DEBUG](FrameworkServlet.java:966) Successfully completed request
- (73686 ms) - 2014-9-3 13:24:44[DEBUG](DispatcherServlet.java:823) DispatcherServlet with name 'spring' processing POST request for [/loginsuccess.html]
- (73687 ms) - 2014-9-3 13:24:44[DEBUG](AbstractUrlHandlerMapping.java:124) Mapping [/loginsuccess.html] to HandlerExecutionChain with handler [org.project.controller.IndexController@117a576] and 1 interceptor
- (73688 ms) - 2014-9-3 13:24:44[DEBUG](HandlerMethodInvoker.java:173) Invoking request handler method: public org.springframework.web.servlet.ModelAndView org.project.controller.IndexController.loginsuccess(org.project.pojo.User)
- (73688 ms) - 2014-9-3 13:24:44[DEBUG](JakartaCommonsLoggingImpl.java:46) Creating a new SqlSession
- (73689 ms) - 2014-9-3 13:24:44[DEBUG](JakartaCommonsLoggingImpl.java:46) SqlSession [org.apache.ibatis.session.defaults.DefaultSqlSession@7a7eb5] was not registered for synchronization because synchronization is not active
- (73690 ms) - 2014-9-3 13:24:44[DEBUG](DataSourceUtils.java:110) Fetching JDBC Connection from DataSource
- (73691 ms) - 2014-9-3 13:24:44[DEBUG](JakartaCommonsLoggingImpl.java:46) JDBC Connection [jdbc:mysql://10.0.0.54:3306/springmvcdb?useUnicode=true&characterEncoding=UTF-8, UserName=root@prd122.prd.com, MySQL-AB JDBC Driver] will not be managed by Spring
- (73705 ms) - 2014-9-3 13:24:44[DEBUG](JakartaCommonsLoggingImpl.java:46) Closing non transactional SqlSession [org.apache.ibatis.session.defaults.DefaultSqlSession@7a7eb5]
- (73706 ms) - 2014-9-3 13:24:44[DEBUG](DataSourceUtils.java:327) Returning JDBC Connection to DataSource
- (73708 ms) - 2014-9-3 13:24:44[DEBUG](AbstractHandlerExceptionResolver.java:132) Resolving exception from handler [org.project.controller.IndexController@117a576]: java.lang.NullPointerException
- (73710 ms) - 2014-9-3 13:24:44[DEBUG](AbstractHandlerExceptionResolver.java:132) Resolving exception from handler [org.project.controller.IndexController@117a576]: java.lang.NullPointerException
- (73710 ms) - 2014-9-3 13:24:44[DEBUG](AbstractHandlerExceptionResolver.java:132) Resolving exception from handler [org.project.controller.IndexController@117a576]: java.lang.NullPointerException
- (73711 ms) - 2014-9-3 13:24:44[DEBUG](FrameworkServlet.java:959) Could not complete request
java.lang.NullPointerException
	at org.project.controller.IndexController.loginsuccess(IndexController.java:51)
	at sun.reflect.NativeMethodAccessorImpl.invoke0(Native Method)
	at sun.reflect.NativeMethodAccessorImpl.invoke(NativeMethodAccessorImpl.java:57)
	at sun.reflect.DelegatingMethodAccessorImpl.invoke(DelegatingMethodAccessorImpl.java:43)
	at java.lang.reflect.Method.invoke(Method.java:606)
	at org.springframework.web.bind.annotation.support.HandlerMethodInvoker.invokeHandlerMethod(HandlerMethodInvoker.java:176)
	at org.springframework.web.servlet.mvc.annotation.AnnotationMethodHandlerAdapter.invokeHandlerMethod(AnnotationMethodHandlerAdapter.java:440)
	at org.springframework.web.servlet.mvc.annotation.AnnotationMethodHandlerAdapter.handle(AnnotationMethodHandlerAdapter.java:428)
	at org.springframework.web.servlet.DispatcherServlet.doDispatch(DispatcherServlet.java:925)
	at org.springframework.web.servlet.DispatcherServlet.doService(DispatcherServlet.java:856)
	at org.springframework.web.servlet.FrameworkServlet.processRequest(FrameworkServlet.java:936)
	at org.springframework.web.servlet.FrameworkServlet.doPost(FrameworkServlet.java:838)
	at javax.servlet.http.HttpServlet.service(HttpServlet.java:637)
	at org.springframework.web.servlet.FrameworkServlet.service(FrameworkServlet.java:812)
	at javax.servlet.http.HttpServlet.service(HttpServlet.java:717)
	at org.apache.catalina.core.ApplicationFilterChain.internalDoFilter(ApplicationFilterChain.java:290)
	at org.apache.catalina.core.ApplicationFilterChain.doFilter(ApplicationFilterChain.java:206)
	at org.springframework.web.filter.CharacterEncodingFilter.doFilterInternal(CharacterEncodingFilter.java:88)
	at org.springframework.web.filter.OncePerRequestFilter.doFilter(OncePerRequestFilter.java:107)
	at org.apache.catalina.core.ApplicationFilterChain.internalDoFilter(ApplicationFilterChain.java:235)
	at org.apache.catalina.core.ApplicationFilterChain.doFilter(ApplicationFilterChain.java:206)
	at org.apache.catalina.core.StandardWrapperValve.invoke(StandardWrapperValve.java:233)
	at org.apache.catalina.core.StandardContextValve.invoke(StandardContextValve.java:191)
	at org.apache.catalina.core.StandardHostValve.invoke(StandardHostValve.java:127)
	at org.apache.catalina.valves.ErrorReportValve.invoke(ErrorReportValve.java:102)
	at org.apache.catalina.core.StandardEngineValve.invoke(StandardEngineValve.java:109)
	at org.apache.catalina.connector.CoyoteAdapter.service(CoyoteAdapter.java:298)
	at org.apache.coyote.http11.Http11AprProcessor.process(Http11AprProcessor.java:864)
	at org.apache.coyote.http11.Http11AprProtocol$Http11ConnectionHandler.process(Http11AprProtocol.java:579)
	at org.apache.tomcat.util.net.AprEndpoint$Worker.run(AprEndpoint.java:1665)
	at java.lang.Thread.run(Thread.java:724)
